# JRE version: OpenJDK Runtime Environment Temurin-17.0.8.1+1 (17.0.8.1+1) (build 17.0.8.1+1)
# Java VM: OpenJDK 64-Bit Server VM Temurin-17.0.8.1+1 (17.0.8.1+1, mixed mode, tiered, compressed oops, compressed class ptrs, parallel gc, windows-amd64)
GC Precious Log:
 CPUs: 16 total, 16 available
 Memory: 32716M
 Large Page Support: Disabled
 NUMA Support: Disabled
 Compressed Oops: Enabled (32-bit)
 Alignments: Space 512K, Generation 512K, Heap 2M
 Heap Min Capacity: 100M
 Heap Initial Capacity: 100M
 Heap Max Capacity: 1G
 Pre-touch: Disabled
 Parallel Workers: 13
Heap:
 PSYoungGen      total 20480K, used 20093K [0x00000000eab00000, 0x00000000ec300000, 0x0000000100000000)
  eden space 18432K, 100% used [0x00000000eab00000,0x00000000ebd00000,0x00000000ebd00000)
  from space 2048K, 81% used [0x00000000ec100000,0x00000000ec29f610,0x00000000ec300000)
  to   space 2048K, 0% used [0x00000000ebf00000,0x00000000ebf00000,0x00000000ec100000)
 ParOldGen       total 79872K, used 76268K [0x00000000c0000000, 0x00000000c4e00000, 0x00000000eab00000)
  object space 79872K, 95% used [0x00000000c0000000,0x00000000c4a7b190,0x00000000c4e00000)
 Metaspace       used 71856K, committed 73024K, reserved 1179648K
  class space    used 7726K, committed 8256K, reserved 1048576K
GC Heap History (20 events):
Event: 11.391 GC heap after
{Heap after GC invocations=28 (full 3):
 PSYoungGen      total 22528K, used 992K [0x00000000eab00000, 0x00000000ec500000, 0x0000000100000000)
  eden space 21504K, 0% used [0x00000000eab00000,0x00000000eab00000,0x00000000ec000000)
  from space 1024K, 96% used [0x00000000ec000000,0x00000000ec0f8020,0x00000000ec100000)
  to   space 2560K, 0% used [0x00000000ec280000,0x00000000ec280000,0x00000000ec500000)
 ParOldGen       total 68608K, used 28452K [0x00000000c0000000, 0x00000000c4300000, 0x00000000eab00000)
  object space 68608K, 41% used [0x00000000c0000000,0x00000000c1bc92b8,0x00000000c4300000)
 Metaspace       used 64842K, committed 65856K, reserved 1114112K
  class space    used 7036K, committed 7488K, reserved 1048576K
}
Event: 11.474 GC heap before
{Heap before GC invocations=29 (full 3):
 PSYoungGen      total 22528K, used 21237K [0x00000000eab00000, 0x00000000ec500000, 0x0000000100000000)
  eden space 21504K, 94% used [0x00000000eab00000,0x00000000ebec5710,0x00000000ec000000)
  from space 1024K, 96% used [0x00000000ec000000,0x00000000ec0f8020,0x00000000ec100000)
  to   space 2560K, 0% used [0x00000000ec280000,0x00000000ec280000,0x00000000ec500000)
 ParOldGen       total 68608K, used 28452K [0x00000000c0000000, 0x00000000c4300000, 0x00000000eab00000)
  object space 68608K, 41% used [0x00000000c0000000,0x00000000c1bc92b8,0x00000000c4300000)
 Metaspace       used 65139K, committed 66112K, reserved 1114112K
  class space    used 7053K, committed 7488K, reserved 1048576K
}
Event: 11.476 GC heap after
{Heap after GC invocations=29 (full 3):
 PSYoungGen      total 22528K, used 672K [0x00000000eab00000, 0x00000000ec380000, 0x0000000100000000)
  eden space 21504K, 0% used [0x00000000eab00000,0x00000000eab00000,0x00000000ec000000)
  from space 1024K, 65% used [0x00000000ec280000,0x00000000ec328000,0x00000000ec380000)
  to   space 1536K, 0% used [0x00000000ec080000,0x00000000ec080000,0x00000000ec200000)
 ParOldGen       total 68608K, used 29357K [0x00000000c0000000, 0x00000000c4300000, 0x00000000eab00000)
  object space 68608K, 42% used [0x00000000c0000000,0x00000000c1cab528,0x00000000c4300000)
 Metaspace       used 65139K, committed 66112K, reserved 1114112K
  class space    used 7053K, committed 7488K, reserved 1048576K
}
Event: 11.549 GC heap before
{Heap before GC invocations=30 (full 3):
 PSYoungGen      total 22528K, used 21026K [0x00000000eab00000, 0x00000000ec380000, 0x0000000100000000)
  eden space 21504K, 94% used [0x00000000eab00000,0x00000000ebee08e8,0x00000000ec000000)
  from space 1024K, 65% used [0x00000000ec280000,0x00000000ec328000,0x00000000ec380000)
  to   space 1536K, 0% used [0x00000000ec080000,0x00000000ec080000,0x00000000ec200000)
 ParOldGen       total 68608K, used 29357K [0x00000000c0000000, 0x00000000c4300000, 0x00000000eab00000)
  object space 68608K, 42% used [0x00000000c0000000,0x00000000c1cab528,0x00000000c4300000)
 Metaspace       used 65465K, committed 66432K, reserved 1114112K
  class space    used 7083K, committed 7488K, reserved 1048576K
}
Event: 11.550 GC heap after
{Heap after GC invocations=30 (full 3):
 PSYoungGen      total 23040K, used 544K [0x00000000eab00000, 0x00000000ec300000, 0x0000000100000000)
  eden space 21504K, 0% used [0x00000000eab00000,0x00000000eab00000,0x00000000ec000000)
  from space 1536K, 35% used [0x00000000ec080000,0x00000000ec108000,0x00000000ec200000)
  to   space 1024K, 0% used [0x00000000ec200000,0x00000000ec200000,0x00000000ec300000)
 ParOldGen       total 68608K, used 29880K [0x00000000c0000000, 0x00000000c4300000, 0x00000000eab00000)
  object space 68608K, 43% used [0x00000000c0000000,0x00000000c1d2e3d0,0x00000000c4300000)
 Metaspace       used 65465K, committed 66432K, reserved 1114112K
  class space    used 7083K, committed 7488K, reserved 1048576K
}
Event: 11.584 GC heap before
{Heap before GC invocations=31 (full 3):
 PSYoungGen      total 23040K, used 20720K [0x00000000eab00000, 0x00000000ec300000, 0x0000000100000000)
  eden space 21504K, 93% used [0x00000000eab00000,0x00000000ebeb4080,0x00000000ec000000)
  from space 1536K, 35% used [0x00000000ec080000,0x00000000ec108000,0x00000000ec200000)
  to   space 1024K, 0% used [0x00000000ec200000,0x00000000ec200000,0x00000000ec300000)
 ParOldGen       total 68608K, used 29880K [0x00000000c0000000, 0x00000000c4300000, 0x00000000eab00000)
  object space 68608K, 43% used [0x00000000c0000000,0x00000000c1d2e3d0,0x00000000c4300000)
 Metaspace       used 65476K, committed 66432K, reserved 1114112K
  class space    used 7083K, committed 7488K, reserved 1048576K
}
Event: 11.586 GC heap after
{Heap after GC invocations=31 (full 3):
 PSYoungGen      total 22016K, used 416K [0x00000000eab00000, 0x00000000ec280000, 0x0000000100000000)
  eden space 21504K, 0% used [0x00000000eab00000,0x00000000eab00000,0x00000000ec000000)
  from space 512K, 81% used [0x00000000ec200000,0x00000000ec268000,0x00000000ec280000)
  to   space 512K, 0% used [0x00000000ec180000,0x00000000ec180000,0x00000000ec200000)
 ParOldGen       total 68608K, used 30234K [0x00000000c0000000, 0x00000000c4300000, 0x00000000eab00000)
  object space 68608K, 44% used [0x00000000c0000000,0x00000000c1d86be8,0x00000000c4300000)
 Metaspace       used 65476K, committed 66432K, reserved 1114112K
  class space    used 7083K, committed 7488K, reserved 1048576K
}
Event: 11.642 GC heap before
{Heap before GC invocations=32 (full 3):
 PSYoungGen      total 22016K, used 21673K [0x00000000eab00000, 0x00000000ec280000, 0x0000000100000000)
  eden space 21504K, 98% used [0x00000000eab00000,0x00000000ebfc24f0,0x00000000ec000000)
  from space 512K, 81% used [0x00000000ec200000,0x00000000ec268000,0x00000000ec280000)
  to   space 512K, 0% used [0x00000000ec180000,0x00000000ec180000,0x00000000ec200000)
 ParOldGen       total 68608K, used 30234K [0x00000000c0000000, 0x00000000c4300000, 0x00000000eab00000)
  object space 68608K, 44% used [0x00000000c0000000,0x00000000c1d86be8,0x00000000c4300000)
 Metaspace       used 65622K, committed 66624K, reserved 1114112K
  class space    used 7089K, committed 7552K, reserved 1048576K
}
Event: 11.643 GC heap after
{Heap after GC invocations=32 (full 3):
 PSYoungGen      total 22016K, used 448K [0x00000000eab00000, 0x00000000ec280000, 0x0000000100000000)
  eden space 21504K, 0% used [0x00000000eab00000,0x00000000eab00000,0x00000000ec000000)
  from space 512K, 87% used [0x00000000ec180000,0x00000000ec1f0000,0x00000000ec200000)
  to   space 512K, 0% used [0x00000000ec200000,0x00000000ec200000,0x00000000ec280000)
 ParOldGen       total 68608K, used 30466K [0x00000000c0000000, 0x00000000c4300000, 0x00000000eab00000)
  object space 68608K, 44% used [0x00000000c0000000,0x00000000c1dc0920,0x00000000c4300000)
 Metaspace       used 65622K, committed 66624K, reserved 1114112K
  class space    used 7089K, committed 7552K, reserved 1048576K
}
Event: 11.761 GC heap before
{Heap before GC invocations=33 (full 3):
 PSYoungGen      total 22016K, used 21952K [0x00000000eab00000, 0x00000000ec280000, 0x0000000100000000)
  eden space 21504K, 100% used [0x00000000eab00000,0x00000000ec000000,0x00000000ec000000)
  from space 512K, 87% used [0x00000000ec180000,0x00000000ec1f0000,0x00000000ec200000)
  to   space 512K, 0% used [0x00000000ec200000,0x00000000ec200000,0x00000000ec280000)
 ParOldGen       total 68608K, used 30466K [0x00000000c0000000, 0x00000000c4300000, 0x00000000eab00000)
  object space 68608K, 44% used [0x00000000c0000000,0x00000000c1dc0920,0x00000000c4300000)
 Metaspace       used 66577K, committed 67584K, reserved 1114112K
  class space    used 7201K, committed 7616K, reserved 1048576K
}
Event: 11.762 GC heap after
{Heap after GC invocations=33 (full 3):
 PSYoungGen      total 22016K, used 512K [0x00000000eab00000, 0x00000000ec280000, 0x0000000100000000)
  eden space 21504K, 0% used [0x00000000eab00000,0x00000000eab00000,0x00000000ec000000)
  from space 512K, 100% used [0x00000000ec200000,0x00000000ec280000,0x00000000ec280000)
  to   space 1024K, 0% used [0x00000000ec080000,0x00000000ec080000,0x00000000ec180000)
 ParOldGen       total 68608K, used 30790K [0x00000000c0000000, 0x00000000c4300000, 0x00000000eab00000)
  object space 68608K, 44% used [0x00000000c0000000,0x00000000c1e11b58,0x00000000c4300000)
 Metaspace       used 66577K, committed 67584K, reserved 1114112K
  class space    used 7201K, committed 7616K, reserved 1048576K
}
Event: 11.942 GC heap before
{Heap before GC invocations=34 (full 3):
 PSYoungGen      total 22016K, used 22002K [0x00000000eab00000, 0x00000000ec280000, 0x0000000100000000)
  eden space 21504K, 99% used [0x00000000eab00000,0x00000000ebffcae8,0x00000000ec000000)
  from space 512K, 100% used [0x00000000ec200000,0x00000000ec280000,0x00000000ec280000)
  to   space 1024K, 0% used [0x00000000ec080000,0x00000000ec080000,0x00000000ec180000)
 ParOldGen       total 68608K, used 30822K [0x00000000c0000000, 0x00000000c4300000, 0x00000000eab00000)
  object space 68608K, 44% used [0x00000000c0000000,0x00000000c1e19860,0x00000000c4300000)
 Metaspace       used 68609K, committed 69632K, reserved 1114112K
  class space    used 7386K, committed 7808K, reserved 1048576K
}
Event: 11.945 GC heap after
{Heap after GC invocations=34 (full 3):
 PSYoungGen      total 22528K, used 1008K [0x00000000eab00000, 0x00000000ec600000, 0x0000000100000000)
  eden space 21504K, 0% used [0x00000000eab00000,0x00000000eab00000,0x00000000ec000000)
  from space 1024K, 98% used [0x00000000ec080000,0x00000000ec17c178,0x00000000ec180000)
  to   space 3072K, 0% used [0x00000000ec300000,0x00000000ec300000,0x00000000ec600000)
 ParOldGen       total 68608K, used 32202K [0x00000000c0000000, 0x00000000c4300000, 0x00000000eab00000)
  object space 68608K, 46% used [0x00000000c0000000,0x00000000c1f72930,0x00000000c4300000)
 Metaspace       used 68609K, committed 69632K, reserved 1114112K
  class space    used 7386K, committed 7808K, reserved 1048576K
}
Event: 12.116 GC heap before
{Heap before GC invocations=35 (full 3):
 PSYoungGen      total 22528K, used 22512K [0x00000000eab00000, 0x00000000ec600000, 0x0000000100000000)
  eden space 21504K, 100% used [0x00000000eab00000,0x00000000ec000000,0x00000000ec000000)
  from space 1024K, 98% used [0x00000000ec080000,0x00000000ec17c178,0x00000000ec180000)
  to   space 3072K, 0% used [0x00000000ec300000,0x00000000ec300000,0x00000000ec600000)
 ParOldGen       total 68608K, used 32204K [0x00000000c0000000, 0x00000000c4300000, 0x00000000eab00000)
  object space 68608K, 46% used [0x00000000c0000000,0x00000000c1f73380,0x00000000c4300000)
 Metaspace       used 69554K, committed 70592K, reserved 1114112K
  class space    used 7460K, committed 7872K, reserved 1048576K
}
Event: 12.120 GC heap after
{Heap after GC invocations=35 (full 3):
 PSYoungGen      total 21504K, used 3045K [0x00000000eab00000, 0x00000000ecc00000, 0x0000000100000000)
  eden space 18432K, 0% used [0x00000000eab00000,0x00000000eab00000,0x00000000ebd00000)
  from space 3072K, 99% used [0x00000000ec300000,0x00000000ec5f9660,0x00000000ec600000)
  to   space 6144K, 0% used [0x00000000ebd00000,0x00000000ebd00000,0x00000000ec300000)
 ParOldGen       total 68608K, used 34317K [0x00000000c0000000, 0x00000000c4300000, 0x00000000eab00000)
  object space 68608K, 50% used [0x00000000c0000000,0x00000000c2183648,0x00000000c4300000)
 Metaspace       used 69554K, committed 70592K, reserved 1114112K
  class space    used 7460K, committed 7872K, reserved 1048576K
}
Event: 12.204 GC heap before
{Heap before GC invocations=36 (full 3):
 PSYoungGen      total 21504K, used 21477K [0x00000000eab00000, 0x00000000ecc00000, 0x0000000100000000)
  eden space 18432K, 100% used [0x00000000eab00000,0x00000000ebd00000,0x00000000ebd00000)
  from space 3072K, 99% used [0x00000000ec300000,0x00000000ec5f9660,0x00000000ec600000)
  to   space 6144K, 0% used [0x00000000ebd00000,0x00000000ebd00000,0x00000000ec300000)
 ParOldGen       total 68608K, used 34317K [0x00000000c0000000, 0x00000000c4300000, 0x00000000eab00000)
  object space 68608K, 50% used [0x00000000c0000000,0x00000000c2183648,0x00000000c4300000)
 Metaspace       used 70336K, committed 71296K, reserved 1114112K
  class space    used 7516K, committed 7936K, reserved 1048576K
}
Event: 12.206 GC heap after
{Heap after GC invocations=36 (full 3):
 PSYoungGen      total 19456K, used 984K [0x00000000eab00000, 0x00000000ec380000, 0x0000000100000000)
  eden space 18432K, 0% used [0x00000000eab00000,0x00000000eab00000,0x00000000ebd00000)
  from space 1024K, 96% used [0x00000000ebd00000,0x00000000ebdf61e0,0x00000000ebe00000)
  to   space 2560K, 0% used [0x00000000ec100000,0x00000000ec100000,0x00000000ec380000)
 ParOldGen       total 68608K, used 35523K [0x00000000c0000000, 0x00000000c4300000, 0x00000000eab00000)
  object space 68608K, 51% used [0x00000000c0000000,0x00000000c22b0ec8,0x00000000c4300000)
 Metaspace       used 70336K, committed 71296K, reserved 1114112K
  class space    used 7516K, committed 7936K, reserved 1048576K
}
Event: 12.340 GC heap before
{Heap before GC invocations=37 (full 3):
 PSYoungGen      total 19456K, used 17694K [0x00000000eab00000, 0x00000000ec380000, 0x0000000100000000)
  eden space 18432K, 90% used [0x00000000eab00000,0x00000000ebb51658,0x00000000ebd00000)
  from space 1024K, 96% used [0x00000000ebd00000,0x00000000ebdf61e0,0x00000000ebe00000)
  to   space 2560K, 0% used [0x00000000ec100000,0x00000000ec100000,0x00000000ec380000)
 ParOldGen       total 68608K, used 35523K [0x00000000c0000000, 0x00000000c4300000, 0x00000000eab00000)
  object space 68608K, 51% used [0x00000000c0000000,0x00000000c22b0ec8,0x00000000c4300000)
 Metaspace       used 71617K, committed 72768K, reserved 1114112K
  class space    used 7695K, committed 8192K, reserved 1048576K
}
Event: 12.342 GC heap after
{Heap after GC invocations=37 (full 3):
 PSYoungGen      total 20480K, used 1661K [0x00000000eab00000, 0x00000000ec300000, 0x0000000100000000)
  eden space 18432K, 0% used [0x00000000eab00000,0x00000000eab00000,0x00000000ebd00000)
  from space 2048K, 81% used [0x00000000ec100000,0x00000000ec29f610,0x00000000ec300000)
  to   space 2048K, 0% used [0x00000000ebf00000,0x00000000ebf00000,0x00000000ec100000)
 ParOldGen       total 68608K, used 38929K [0x00000000c0000000, 0x00000000c4300000, 0x00000000eab00000)
  object space 68608K, 56% used [0x00000000c0000000,0x00000000c2604640,0x00000000c4300000)
 Metaspace       used 71617K, committed 72768K, reserved 1114112K
  class space    used 7695K, committed 8192K, reserved 1048576K
}
Event: 12.389 GC heap before
{Heap before GC invocations=38 (full 4):
 PSYoungGen      total 20480K, used 20093K [0x00000000eab00000, 0x00000000ec300000, 0x0000000100000000)
  eden space 18432K, 100% used [0x00000000eab00000,0x00000000ebd00000,0x00000000ebd00000)
  from space 2048K, 81% used [0x00000000ec100000,0x00000000ec29f610,0x00000000ec300000)
  to   space 2048K, 0% used [0x00000000ebf00000,0x00000000ebf00000,0x00000000ec100000)
 ParOldGen       total 79872K, used 76268K [0x00000000c0000000, 0x00000000c4e00000, 0x00000000eab00000)
  object space 79872K, 95% used [0x00000000c0000000,0x00000000c4a7b190,0x00000000c4e00000)
 Metaspace       used 71856K, committed 73024K, reserved 1179648K
  class space    used 7726K, committed 8256K, reserved 1048576K
}

